This is pdfTeX, Version 3.141592653-2.6-1.40.25 (TeX Live 2023/Debian) (preloaded format=pdflatex 2024.6.18)  18 JUN 2024 18:03
entering extended mode
 restricted \write18 enabled.
 %&-line parsing enabled.
**refman
(./refman.tex
LaTeX2e <2023-11-01> patch level 1
L3 programming layer <2024-01-22>
(/usr/share/texlive/texmf-dist/tex/latex/base/book.cls
Document Class: book 2023/05/17 v1.4n Standard LaTeX document class
(/usr/share/texlive/texmf-dist/tex/latex/base/bk10.clo
File: bk10.clo 2023/05/17 v1.4n Standard LaTeX file (size option)
)
\c@part=\count187
\c@chapter=\count188
\c@section=\count189
\c@subsection=\count190
\c@subsubsection=\count191
\c@paragraph=\count192
\c@subparagraph=\count193
\c@figure=\count194
\c@table=\count195
\abovecaptionskip=\skip48
\belowcaptionskip=\skip49
\bibindent=\dimen140
)
(/usr/share/texlive/texmf-dist/tex/latex/base/ifthen.sty
Package: ifthen 2022/04/13 v1.1d Standard LaTeX ifthen package (DPC)
)
(/usr/share/texlive/texmf-dist/tex/latex/tools/array.sty
Rollback for package 'array' requested -> date 2016-10-06.
         Best approximation is the release introduced on 2016-10-06.

(/usr/share/texlive/texmf-dist/tex/latex/tools/array-2016-10-06.sty
Package: array 2016/10/06 v2.4d Tabular extension package (FMi)
\col@sep=\dimen141
\extrarowheight=\dimen142
\NC@list=\toks17
\extratabsurround=\skip50
\backup@length=\skip51
))
(/usr/share/texlive/texmf-dist/tex/generic/infwarerr/infwarerr.sty
package info suppressed
)
(./doxygen.sty
Package: doxygen 
 (/usr/share/texlive/texmf-dist/tex/latex/base/alltt.sty
Package: alltt 2021/01/29 v2.0g defines alltt environment
)
(/usr/share/texlive/texmf-dist/tex/latex/tools/calc.sty
Package: calc 2023/07/08 v4.3 Infix arithmetic (KKT,FJ)
\calc@Acount=\count196
\calc@Bcount=\count197
\calc@Adimen=\dimen143
\calc@Bdimen=\dimen144
\calc@Askip=\skip52
\calc@Bskip=\skip53
LaTeX Info: Redefining \setlength on input line 80.
LaTeX Info: Redefining \addtolength on input line 81.
\calc@Ccount=\count198
\calc@Cskip=\skip54
)
(/usr/share/texlive/texmf-dist/tex/latex/float/float.sty
Package: float 2001/11/08 v1.3d Float enhancements (AL)
\c@float@type=\count199
\float@exts=\toks18
\float@box=\box51
\@float@everytoks=\toks19
\@floatcapt=\box52
)
(/usr/share/texlive/texmf-dist/tex/latex/tools/verbatim.sty
Package: verbatim 2023-11-06 v1.5v LaTeX2e package for verbatim enhancements
\every@verbatim=\toks20
\verbatim@line=\toks21
\verbatim@in@stream=\read2
)
(/usr/share/texlive/texmf-dist/tex/latex/xcolor/xcolor.sty
Package: xcolor 2023/11/15 v3.01 LaTeX color extensions (UK)

(/usr/share/texlive/texmf-dist/tex/latex/graphics-cfg/color.cfg
File: color.cfg 2016/01/02 v1.6 sample color configuration
)
Package xcolor Info: Driver file: pdftex.def on input line 274.

(/usr/share/texlive/texmf-dist/tex/latex/graphics-def/pdftex.def
File: pdftex.def 2022/09/22 v1.2b Graphics/color driver for pdftex
)
(/usr/share/texlive/texmf-dist/tex/latex/graphics/mathcolor.ltx)
Package xcolor Info: Model `cmy' substituted by `cmy0' on input line 1350.
Package xcolor Info: Model `hsb' substituted by `rgb' on input line 1354.
Package xcolor Info: Model `RGB' extended on input line 1366.
Package xcolor Info: Model `HTML' substituted by `rgb' on input line 1368.
Package xcolor Info: Model `Hsb' substituted by `hsb' on input line 1369.
Package xcolor Info: Model `tHsb' substituted by `hsb' on input line 1370.
Package xcolor Info: Model `HSB' substituted by `hsb' on input line 1371.
Package xcolor Info: Model `Gray' substituted by `gray' on input line 1372.
Package xcolor Info: Model `wave' substituted by `hsb' on input line 1373.
)
(/usr/share/texlive/texmf-dist/tex/latex/colortbl/colortbl.sty
Package: colortbl 2022/06/20 v1.0f Color table columns (DPC)
\everycr=\toks22
\minrowclearance=\skip55
\rownum=\count266
)
(./longtable_doxygen.sty
Package: longtable_doxygen 2014/10/28 v4.11 Multi-page Table package (DPC) - fr
ozen version for doxygen
\LTleft=\skip56
\LTright=\skip57
\LTpre=\skip58
\LTpost=\skip59
\LTchunksize=\count267
\LTcapwidth=\dimen145
\LT@head=\box53
\LT@firsthead=\box54
\LT@foot=\box55
\LT@lastfoot=\box56
\LT@cols=\count268
\LT@rows=\count269
\c@LT@tables=\count270
\c@LT@chunks=\count271
\LT@p@ftn=\toks23
) (./tabu_doxygen.sty
Package: tabu_doxygen 2011/02/26 v2.8 - flexible LaTeX tabulars (FC), frozen ve
rsion for doxygen


! LaTeX Error: File `varwidth.sty' not found.

Type X to quit or <RETURN> to proceed,
or enter new name. (Default extension: sty)

Enter file name: scifir-units-docs

! LaTeX Error: File `scifir-units-docs.sty' not found.

Type X to quit or <RETURN> to proceed,
or enter new name. (Default extension: sty)

Enter file name: 
\c@taburow=\count272
\tabu@nbcols=\count273
\tabu@cnt=\count274
\tabu@Xcol=\count275
\tabu@alloc=\count276
\tabu@nested=\count277
\tabu@target=\dimen146
\tabu@spreadtarget=\dimen147
\tabu@naturalX=\dimen148
\tabucolX=\dimen149
\tabu@Xsum=\dimen150
\extrarowdepth=\dimen151
\abovetabulinesep=\dimen152
\belowtabulinesep=\dimen153
\tabustrutrule=\dimen154
\tabu@thebody=\toks24
\tabu@footnotes=\toks25
\tabu@box=\box57
\tabu@arstrutbox=\box58
\tabu@hleads=\box59
\tabu@vleads=\box60
\tabu@cellskip=\skip60
) (/usr/share/texlive/texmf-dist/tex/latex/fancyvrb/fancyvrb.sty
Package: fancyvrb 2024/01/20 4.5c verbatim text (tvz,hv)

(/usr/share/texlive/texmf-dist/tex/latex/graphics/keyval.sty
Package: keyval 2022/05/29 v1.15 key=value parser (DPC)
\KV@toks@=\toks26
)
\FV@CodeLineNo=\count278
\FV@InFile=\read3
\FV@TabBox=\box61
\c@FancyVerbLine=\count279
\FV@StepNumber=\count280
\FV@OutFile=\write3
)
(/usr/share/texlive/texmf-dist/tex/latex/tools/tabularx.sty
Package: tabularx 2023/07/08 v2.11c `tabularx' package (DPC)
\TX@col@width=\dimen155
\TX@old@table=\dimen156
\TX@old@col=\dimen157
\TX@target=\dimen158
\TX@delta=\dimen159
\TX@cols=\count281
\TX@ftn=\toks27
)
(/usr/share/texlive/texmf-dist/tex/latex/tools/multicol.sty
Package: multicol 2023/03/30 v1.9f multicolumn formatting (FMi)
\c@tracingmulticols=\count282
\mult@box=\box62
\multicol@leftmargin=\dimen160
\c@unbalance=\count283
\c@collectmore=\count284
\doublecol@number=\count285
\multicoltolerance=\count286
\multicolpretolerance=\count287
\full@width=\dimen161
\page@free=\dimen162
\premulticols=\dimen163
\postmulticols=\dimen164
\multicolsep=\skip61
\multicolbaselineskip=\skip62
\partial@page=\box63
\last@line=\box64
\mc@boxedresult=\box65
\maxbalancingoverflow=\dimen165
\mult@rightbox=\box66
\mult@grightbox=\box67
\mult@firstbox=\box68
\mult@gfirstbox=\box69
\@tempa=\box70
\@tempa=\box71
\@tempa=\box72
\@tempa=\box73
\@tempa=\box74
\@tempa=\box75
\@tempa=\box76
\@tempa=\box77
\@tempa=\box78
\@tempa=\box79
\@tempa=\box80
\@tempa=\box81
\@tempa=\box82
\@tempa=\box83
\@tempa=\box84
\@tempa=\box85
\@tempa=\box86
\@tempa=\box87
\@tempa=\box88
\@tempa=\box89
\@tempa=\box90
\@tempa=\box91
\@tempa=\box92
\@tempa=\box93
\@tempa=\box94
\@tempa=\box95
\@tempa=\box96
\@tempa=\box97
\@tempa=\box98
\@tempa=\box99
\@tempa=\box100
\@tempa=\box101
\@tempa=\box102
\@tempa=\box103
\@tempa=\box104
\@tempa=\box105
\c@minrows=\count288
\c@columnbadness=\count289
\c@finalcolumnbadness=\count290
\last@try=\dimen166
\multicolovershoot=\dimen167
\multicolundershoot=\dimen168
\mult@nat@firstbox=\box106
\colbreak@box=\box107
\mc@col@check@num=\count291
)

! LaTeX Error: File `multirow.sty' not found.

Type X to quit or <RETURN> to proceed,
or enter new name. (Default extension: sty)

Enter file name: 

! LaTeX Error: File `hanging.sty' not found.

Type X to quit or <RETURN> to proceed,
or enter new name. (Default extension: sty)

Enter file name: 
(/usr/share/texlive/texmf-dist/tex/generic/iftex/ifpdf.sty
Package: ifpdf 2019/10/25 v3.4 ifpdf legacy package. Use iftex instead.

(/usr/share/texlive/texmf-dist/tex/generic/iftex/iftex.sty
Package: iftex 2022/02/03 v1.0f TeX engine tests
))

! LaTeX Error: File `adjustbox.sty' not found.

Type X to quit or <RETURN> to proceed,
or enter new name. (Default extension: sty)

Enter file name: 
(/usr/share/texlive/texmf-dist/tex/latex/amsfonts/amssymb.sty
Package: amssymb 2013/01/14 v3.01 AMS font symbols

(/usr/share/texlive/texmf-dist/tex/latex/amsfonts/amsfonts.sty
Package: amsfonts 2013/01/14 v3.01 Basic AMSFonts support
\@emptytoks=\toks28
\symAMSa=\mathgroup4
\symAMSb=\mathgroup5
LaTeX Font Info:    Redeclaring math symbol \hbar on input line 98.
LaTeX Font Info:    Overwriting math alphabet `\mathfrak' in version `bold'
(Font)                  U/euf/m/n --> U/euf/b/n on input line 106.
))

! LaTeX Error: File `stackengine.sty' not found.

Type X to quit or <RETURN> to proceed,
or enter new name. (Default extension: sty)

Enter file name: 

! LaTeX Error: File `enumitem.sty' not found.

Type X to quit or <RETURN> to proceed,
or enter new name. (Default extension: sty)

Enter file name: 

! LaTeX Error: File `alphalph.sty' not found.

Type X to quit or <RETURN> to proceed,
or enter new name. (Default extension: sty)

Enter file name: 

! LaTeX Error: File `ulem.sty' not found.

Type X to quit or <RETURN> to proceed,
or enter new name. (Default extension: sty)

Enter file name: 
\xrefbox=\box108
\xreflength=\skip63
\CodeWidthChar=\skip64
\CodeHeightChar=\skip65
\DoxyCodeWidth=\skip66
! Undefined control sequence.
l.177 \setlistdepth
                   {12}
? 

! LaTeX Error: Missing \begin{document}.

See the LaTeX manual or LaTeX Companion for explanation.
Type  H <return>  for immediate help.
 ...                                              
                                                  
l.177 \setlistdepth{1
                     2}
? 
! Undefined control sequence.
l.178 \newlist
              {DoxyEnumerate}{enumerate}{12}
? 
! Undefined control sequence.
l.179 \setlist
              [DoxyEnumerate,1]{label=\arabic*.}
? 
! Missing number, treated as zero.
<to be read again> 
                   \c@* 
l.179 \setlist[DoxyEnumerate,1]{label=\arabic*
                                              .}
? 
! Undefined control sequence.
l.180 \setlist
              [DoxyEnumerate,2]{label=(\enumalphalphcnt*)}
? 
! Undefined control sequence.
l.180 ...[DoxyEnumerate,2]{label=(\enumalphalphcnt
                                                  *)}
? 
! Undefined control sequence.
l.181 \setlist
              [DoxyEnumerate,3]{label=\roman*.}
? 
! Missing number, treated as zero.
<to be read again> 
                   \c@* 
l.181 \setlist[DoxyEnumerate,3]{label=\roman*
                                             .}
? 
! Undefined control sequence.
l.182 \setlist
              [DoxyEnumerate,4]{label=\enumAlphAlphcnt*.}
? 
! Undefined control sequence.
l.182 ...t[DoxyEnumerate,4]{label=\enumAlphAlphcnt
                                                  *.}
? 
! Undefined control sequence.
l.183 \setlist
              [DoxyEnumerate,5]{label=\arabic*.}
? 
! Missing number, treated as zero.
<to be read again> 
                   \c@* 
l.183 \setlist[DoxyEnumerate,5]{label=\arabic*
                                              .}
? 
! Undefined control sequence.
l.184 \setlist
              [DoxyEnumerate,6]{label=(\enumalphalphcnt*)}
? 
! Undefined control sequence.
l.184 ...[DoxyEnumerate,6]{label=(\enumalphalphcnt
                                                  *)}
? 
! Undefined control sequence.
l.185 \setlist
              [DoxyEnumerate,7]{label=\roman*.}
? 
! Missing number, treated as zero.
<to be read again> 
                   \c@* 
l.185 \setlist[DoxyEnumerate,7]{label=\roman*
                                             .}
? 
! Undefined control sequence.
l.186 \setlist
              [DoxyEnumerate,8]{label=\enumAlphAlphcnt*.}
? 
! Undefined control sequence.
l.186 ...t[DoxyEnumerate,8]{label=\enumAlphAlphcnt
                                                  *.}
? 
! Undefined control sequence.
l.187 \setlist
              [DoxyEnumerate,9]{label=\arabic*.}
? 
! Missing number, treated as zero.
<to be read again> 
                   \c@* 
l.187 \setlist[DoxyEnumerate,9]{label=\arabic*
                                              .}
? 
! Undefined control sequence.
l.188 \setlist
              [DoxyEnumerate,10]{label=(\enumalphalphcnt*)}
? 
! Undefined control sequence.
l.188 ...DoxyEnumerate,10]{label=(\enumalphalphcnt
                                                  *)}
? 
! Undefined control sequence.
l.189 \setlist
              [DoxyEnumerate,11]{label=\roman*.}
? 
! Missing number, treated as zero.
<to be read again> 
                   \c@* 
l.189 \setlist[DoxyEnumerate,11]{label=\roman*
                                              .}
? 
! Undefined control sequence.
l.190 \setlist
              [DoxyEnumerate,12]{label=\enumAlphAlphcnt*.}
? 
! Undefined control sequence.
l.190 ...[DoxyEnumerate,12]{label=\enumAlphAlphcnt
                                                  *.}
? 

Overfull \hbox (12.92682pt too wide) in paragraph at lines 177--191
\OT1/cmr/m/n/10 ate,2]label=(*) [DoxyEnu-mer-ate,3]label=. [DoxyEnu-mer-ate,4]l
abel=*. [DoxyEnu-
 []


Overfull \hbox (29.62129pt too wide) in paragraph at lines 177--191
\OT1/cmr/m/n/10 mer-ate,5]label=0. [DoxyEnu-mer-ate,6]label=(*) [DoxyEnu-mer-at
e,7]label=. [DoxyEnu-
 []

! Undefined control sequence.
l.193 \setlistdepth
                   {12}
? 

! LaTeX Error: Missing \begin{document}.

See the LaTeX manual or LaTeX Companion for explanation.
Type  H <return>  for immediate help.
 ...                                              
                                                  
l.193 \setlistdepth{1
                     2}
? 
! Undefined control sequence.
l.194 \newlist
              {DoxyItemize}{itemize}{12}
? 
! Undefined control sequence.
l.195 \setlist
              [DoxyItemize]{label=\textperiodcentered}
? 
! Undefined control sequence.
l.197 \setlist
              [DoxyItemize,1]{label=\textbullet}
? 

! LaTeX Error: Missing \begin{document}.

See the LaTeX manual or LaTeX Companion for explanation.
Type  H <return>  for immediate help.
 ...                                              
                                                  
l.197 \setlist[
               DoxyItemize,1]{label=\textbullet}
? 
! Undefined control sequence.
l.198 \setlist
              [DoxyItemize,2]{label=\normalfont\bfseries \textendash}
? 
! Undefined control sequence.
l.199 \setlist
              [DoxyItemize,3]{label=\textasteriskcentered}
? 
! Undefined control sequence.
l.200 \setlist
              [DoxyItemize,4]{label=\textperiodcentered}
? 

Overfull \hbox (32.1361pt too wide) in paragraph at lines 197--201
[]\OT1/cmr/m/n/10 [DoxyItemize,1]label=\TS1/cmr/m/n/10 ˆ \OT1/cmr/m/n/10 [DoxyI
tem-ize,2]label=\OT1/cmr/bx/n/10 { \OT1/cmr/m/n/10 [DoxyItem-ize,3]label=\TS1/c
mr/m/n/10 * \OT1/cmr/m/n/10 [DoxyItem-
 []

\c@subsubsubsection=\count292
\c@subsubsubsubsection=\count293
\c@subsubsubsubsubsection=\count294
\c@subsubsubsubsubsubsection=\count295
! Undefined control sequence.
l.693 \AddEnumerateCounter
                          {\enumalphalphcnt}{\@enumalphalphcnt}{aa}
? 
! Argument of \enumalphalphcnt has an extra }.
<inserted text> 
                \par 
l.693 \AddEnumerateCounter{\enumalphalphcnt}
                                            {\@enumalphalphcnt}{aa}
? 
Runaway argument?
! Paragraph ended before \enumalphalphcnt was complete.
<to be read again> 
                   \par 
l.693 \AddEnumerateCounter{\enumalphalphcnt}
                                            {\@enumalphalphcnt}{aa}
? 
! You can't use `\spacefactor' in vertical mode.
\@->\spacefactor 
                 \@m {}
l.693 \AddEnumerateCounter{\enumalphalphcnt}{\@
                                               enumalphalphcnt}{aa}
? 
! Missing $ inserted.
<inserted text> 
                $
l.693 \AddEnumerateCounter{\enumalphalphcnt}{\@
                                               enumalphalphcnt}{aa}
? 

! LaTeX Error: Missing \begin{document}.

See the LaTeX manual or LaTeX Companion for explanation.
Type  H <return>  for immediate help.
 ...                                              
                                                  
l.693 \AddEnumerateCounter{\enumalphalphcnt}{\@
                                               enumalphalphcnt}{aa}
? 
LaTeX Font Info:    Trying to load font information for U+msa on input line 693
.
(/usr/share/texlive/texmf-dist/tex/latex/amsfonts/umsa.fd
File: umsa.fd 2013/01/14 v3.01 AMS symbols A
)
LaTeX Font Info:    Trying to load font information for U+msb on input line 693
.

(/usr/share/texlive/texmf-dist/tex/latex/amsfonts/umsb.fd
File: umsb.fd 2013/01/14 v3.01 AMS symbols B
)
! Extra }, or forgotten $.
l.693 ...nter{\enumalphalphcnt}{\@enumalphalphcnt}
                                                  {aa}
? 
! Undefined control sequence.
l.694 \AddEnumerateCounter
                          {\enumAlphAlphcnt}{\@enumAlphAlphcnt}{AA}
? 
! Argument of \enumAlphAlphcnt has an extra }.
<inserted text> 
                \par 
l.694 \AddEnumerateCounter{\enumAlphAlphcnt}
                                            {\@enumAlphAlphcnt}{AA}
? 
Runaway argument?
! Paragraph ended before \enumAlphAlphcnt was complete.
<to be read again> 
                   \par 
l.694 \AddEnumerateCounter{\enumAlphAlphcnt}
                                            {\@enumAlphAlphcnt}{AA}
? 
! Missing $ inserted.
<inserted text> 
                $
l.694 \AddEnumerateCounter{\enumAlphAlphcnt}
                                            {\@enumAlphAlphcnt}{AA}
? 
! Missing } inserted.
<inserted text> 
                }
l.694 \AddEnumerateCounter{\enumAlphAlphcnt}
                                            {\@enumAlphAlphcnt}{AA}
? 
Missing character: There is no è in font cmex10!
! You can't use `\spacefactor' in vertical mode.
\@->\spacefactor 
                 \@m {}
l.694 \AddEnumerateCounter{\enumAlphAlphcnt}{\@
                                               enumAlphAlphcnt}{AA}
? 
! Missing $ inserted.
<inserted text> 
                $
l.694 \AddEnumerateCounter{\enumAlphAlphcnt}{\@
                                               enumAlphAlphcnt}{AA}
? 

! LaTeX Error: Missing \begin{document}.

See the LaTeX manual or LaTeX Companion for explanation.
Type  H <return>  for immediate help.
 ...                                              
                                                  
l.694 \AddEnumerateCounter{\enumAlphAlphcnt}{\@
                                               enumAlphAlphcnt}{AA}
? 
! Extra }, or forgotten $.
l.694 ...nter{\enumAlphAlphcnt}{\@enumAlphAlphcnt}
                                                  {AA}
? 
) (/usr/share/texlive/texmf-dist/tex/latex/graphics/graphicx.sty
Package: graphicx 2021/09/16 v1.2d Enhanced LaTeX Graphics (DPC,SPQR)

(/usr/share/texlive/texmf-dist/tex/latex/graphics/graphics.sty
! Missing $ inserted.
<inserted text> 
                $
l.29 
     
? 
Missing character: There is no è in font cmex10!
Package: graphics 2022/03/10 v1.4e Standard LaTeX Graphics (DPC,SPQR)
! You can't use `\spacefactor' in vertical mode.
\@->\spacefactor 
                 \@m {}
l.42 \@
       makeother\"%
? 
! Missing $ inserted.
<inserted text> 
                $
l.42 \@
       makeother\"%
? 

! LaTeX Error: Missing \begin{document}.

See the LaTeX manual or LaTeX Companion for explanation.
Type  H <return>  for immediate help.
 ...                                              
                                                  
l.42 \@
       makeother\"%
? 

LaTeX Warning: Command \" invalid in math mode on input line 42.

! Missing number, treated as zero.
<to be read again> 
                   \global 
l.43 \catcode
             `\*=11
? 
! Missing number, treated as zero.
<to be read again> 
                   \global 
l.43 \catcode
             `\*=11
? 
! Please use \mathaccent for accents in math mode.
\add@accent ... \let \ignorespaces \relax \accent 
                                                  #1 #2\egroup \ifmmode \els...
l.43 \catcode
             `\*=11
? 
! Missing { inserted.
<to be read again> 
                   \catcode 
l.43 \catcode
             `\*=11
? 
! Missing number, treated as zero.
<to be read again> 
                   \egroup 
l.43 \catcode
             `\*=11
? 
! Missing number, treated as zero.
<to be read again> 
                   \egroup 
l.43 \catcode
             `\*=11
? 
! You can't use `\spacefactor' in math mode.
\@->\spacefactor 
                 \@m {}
l.44 \@
       makeother\!%
? 
! You can't use `\spacefactor' in math mode.
\@->\spacefactor 
                 \@m {}
l.45 \@
       makeother\:%
? 
(/usr/share/texlive/texmf-dist/tex/latex/graphics/trig.sty
Package: trig 2021/08/11 v1.11 sin cos tan (DPC)
)
! You can't use `\spacefactor' in math mode.
\@->\spacefactor 
                 \@m {}
l.47 \providecommand\Grot@start{\@
                                  latex@error{Rotation not supported}\@ehc
? 
! You can't use `\spacefactor' in math mode.
\@->\spacefactor 
                 \@m {}
l.47 ...rt{\@latex@error{Rotation not supported}\@
                                                  ehc
? 
! You can't use `\spacefactor' in math mode.
\@->\spacefactor 
                 \@m {}
l.50 \providecommand\Gscale@start{\@
                                    latex@error{Scaling not supported}\@ehc
? 
! You can't use `\spacefactor' in math mode.
\@->\spacefactor 
                 \@m {}
l.50 ...art{\@latex@error{Scaling not supported}\@
                                                  ehc
? 
! Use of \Gin doesn't match its definition.
l.64 \newif\ifGin@setpagesize\Gin@s
                                   etpagesizetrue
? 
(/usr/share/texlive/texmf-dist/tex/latex/graphics-cfg/graphics.cfg
! Missing $ inserted.
<inserted text> 
                $
l.2 
    
? 
! Missing } inserted.
<inserted text> 
                }
l.2 
    
? 
Missing character: There is no è in font cmex10!
Missing character: There is no è in font cmex10!
Missing character: There is no è in font cmex10!
Missing character: There is no è in font cmex10!
Missing character: There is no è in font cmex10!
Missing character: There is no è in font cmex10!
Missing character: There is no è in font cmex10!

Overfull \hbox (471.70992pt too wide) in paragraph at lines 42--2
[]$[]\OML/cmm/m/it/10 makeother[]$ 
 []

File: graphics.cfg 2016/06/04 v1.11 sample graphics configuration
! Undefined control sequence.
l.27     \ifnum\luatexversion
                             >85
? 
! Missing number, treated as zero.
<to be read again> 
                   >
l.27     \ifnum\luatexversion>
                              85
? 
)
Package graphics Info: Driver file: pdftex.def on input line 107.

! You can't use `\spacefactor' in vertical mode.
\@->\spacefactor 
                 \@m {}
l.108   \@
          ifundefined{ver@\Gin@driver}{\input{\Gin@driver}}{}
? 
! Missing $ inserted.
<inserted text> 
                $
l.108   \@
          ifundefined{ver@\Gin@driver}{\input{\Gin@driver}}{}
? 

! LaTeX Error: Missing \begin{document}.

See the LaTeX manual or LaTeX Companion for explanation.
Type  H <return>  for immediate help.
 ...                                              
                                                  
l.108   \@
          ifundefined{ver@\Gin@driver}{\input{\Gin@driver}}{}
? 
(/usr/share/texlive/texmf-dist/tex/latex/graphics-def/pdftex.def
File: pdftex.def 2022/09/22 v1.2b Graphics/color driver for pdftex

! Missing number, treated as zero.
<to be read again> 
                   @
l.67 \chardef\main@
                   pdfcolorstack=0 %
? 
! You can't use `\spacefactor' in math mode.
\@->\spacefactor 
                 \@m {}
l.68 \@
       ifundefined{@pdfcolorstack}
? 
! Missing $ inserted.
<inserted text> 
                $
l.144 
      
? 
! Missing } inserted.
<inserted text> 
                }
l.144 
      
? 
Missing character: There is no è in font cmex10!
Missing character: There is no è in font cmex10!

Overfull \hbox (55.8312pt too wide) in paragraph at lines 108--144
[]$[]\OML/cmm/m/it/10 ifundefined[][]$ 
 []

! Use of \@ doesn't match its definition.
<recently read> g
                 
l.149   \expandafter\@g
                       obble
? 

! LaTeX Error: Missing \begin{document}.

See the LaTeX manual or LaTeX Companion for explanation.
Type  H <return>  for immediate help.
 ...                                              
                                                  
l.149   \expandafter\@go
                        bble
? 
! Use of \@ doesn't match its definition.
l.152  \@i
          fl@t@r\fmtversion{2020/10/01}
? 
! Undefined control sequence.
l.159     \g
            @addto@macro\@kernel@before@shipout@background
? 
! Use of \@ doesn't match its definition.
l.159     \g@addto@macro\@k
                           ernel@before@shipout@background
? 
! Undefined control sequence.
l.161       \ifGPT
                  @pagecolor
? 
! Use of \@ doesn't match its definition.
<argument> \pdfcolorstack \@p
                             dfcolorstack push{\current @page@color}\aftergr...
l.167           }
                 %
? 
! Missing number, treated as zero.
<to be read again> 
                   d
l.167           }
                 %
? 
! Color stack action is missing.
<to be read again> 
                   d
l.167           }
                 %
? 
! Undefined control sequence.
<argument> ...stack \@pdfcolorstack push{\current 
                                                  @page@color}\aftergroup \r...
l.167           }
                 %
? 
! Undefined control sequence.
<recently read> \reset 
                       
l.167           }
                 %
? 

Overfull \hbox (45.1954pt too wide) in paragraph at lines 149--193
[]\OT1/cmr/m/n/10 obble fl@t@r2023-11-012020/10/01 @ad-dto@macroernel@before@sh
ipout@background
 []


Underfull \vbox (badness 10000) has occurred while \output is active []


! Undefined control sequence.
\set@color ...\@pdfcolorstack push{\current@color 
                                                  }\aftergroup \reset@color 
l.243 \let\Gin@a
                ttr@hash\@empty
? 
! Undefined control sequence.
\set@color ...\@pdfcolorstack push{\current@color 
                                                  }\aftergroup \reset@color 
l.243 \let\Gin@a
                ttr@hash\@empty
? 
[1{/var/lib/texmf/fonts/map/pdftex/updmap/pdftex.map}

]
Overfull \vbox (302.99129pt too high) has occurred while \output is active []


! Undefined control sequence.
\set@color ...\@pdfcolorstack push{\current@color 
                                                  }\aftergroup \reset@color 
l.243 \let\Gin@a
                ttr@hash\@empty
? 
! Undefined control sequence.
\set@color ...\@pdfcolorstack push{\current@color 
                                                  }\aftergroup \reset@color 
l.243 \let\Gin@a
                ttr@hash\@empty
? 
[2]

! LaTeX Error: Missing \begin{document}.

See the LaTeX manual or LaTeX Companion for explanation.
Type  H <return>  for immediate help.
 ...                                              
                                                  
l.243 \let\Gin@a
                ttr@hash\@empty
? 
! Use of \@ doesn't match its definition.
l.243 \let\Gin@attr@hash\@e
                           mpty
? 
! Use of \@ doesn't match its definition.
l.244 \@i
         fundefined{Gin@decode}
? 
! Use of \@ doesn't match its definition.
l.245   {\let\Gin@decode\@e
                           mpty}
? 
! Use of \@ doesn't match its definition.
l.247 \@i
         fundefined{Gin@log}
? 
! Emergency stop.
l.247 
      
End of file on the terminal!

 
Here is how much of TeX's memory you used:
 3742 strings out of 476182
 54274 string characters out of 5795595
 1925975 words of memory out of 5000000
 25722 multiletter control sequences out of 15000+600000
 560764 words of font info for 47 fonts, out of 8000000 for 9000
 14 hyphenation exceptions out of 8191
 67i,6n,84p,208b,281s stack positions out of 10000i,1000n,20000p,200000b,200000s
!  ==> Fatal error occurred, no output PDF file produced!
